Build started 21/02/2012 10:41:10 AM.
     1>Project "C:\CPlusPlus\ArrayDemo\ArrayDemo\ArrayDemo.vcxproj" on node 2 (build target(s)).
     1>InitializeBuildStatus:
         Touching "Debug\ArrayDemo.unsuccessfulbuild".
       ManifestResourceCompile:
         All outputs are up-to-date.
       Link:
         c:\Program Files (x86)\Microsoft Visual Studio 10.0\VC\bin\link.exe /ERRORREPORT:PROMPT /OUT:"C:\CPlusPlus\ArrayDemo\Debug\ArrayDemo.exe" /INCREMENTAL /NOLOGO kernel32.lib user32.lib gdi32.lib winspool.lib comdlg32.lib advapi32.lib shell32.lib ole32.lib oleaut32.lib uuid.lib odbc32.lib odbccp32.lib /MANIFEST /ManifestFile:"Debug\ArrayDemo.exe.intermediate.manifest" /MANIFESTUAC:"level='asInvoker' uiAccess='false'" /DEBUG /PDB:"C:\CPlusPlus\ArrayDemo\Debug\ArrayDemo.pdb" /SUBSYSTEM:CONSOLE /TLBID:1 /DYNAMICBASE /NXCOMPAT /IMPLIB:"C:\CPlusPlus\ArrayDemo\Debug\ArrayDemo.lib" /MACHINE:X86 Debug\ArrayDemo.exe.embed.manifest.res
     1>LINK : error LNK2001: unresolved external symbol _mainCRTStartup
     1>C:\CPlusPlus\ArrayDemo\Debug\ArrayDemo.exe : fatal error LNK1120: 1 unresolved externals
     1>Done Building Project "C:\CPlusPlus\ArrayDemo\ArrayDemo\ArrayDemo.vcxproj" (build target(s)) -- FAILED.

Build FAILED.

Time Elapsed 00:00:00.13
