Build started 03/04/2012 11:31:32 AM.
     1>Project "C:\CPlusPlus\Try_Catch\Try_Catch\Try_Catch.vcxproj" on node 2 (build target(s)).
     1>InitializeBuildStatus:
         Touching "Debug\Try_Catch.unsuccessfulbuild".
       ClCompile:
         c:\Program Files (x86)\Microsoft Visual Studio 10.0\VC\bin\CL.exe /c /ZI /nologo /W3 /WX- /Od /Oy- /D WIN32 /D _DEBUG /D _CONSOLE /D _UNICODE /D UNICODE /Gm /EHsc /RTC1 /MDd /GS /fp:precise /Zc:wchar_t /Zc:forScope /Fo"Debug\\" /Fd"Debug\vc100.pdb" /Gd /TP /analyze- /errorReport:prompt AssertAndExceptions.cpp
         AssertAndExceptions.cpp
       ManifestResourceCompile:
         All outputs are up-to-date.
       Link:
         c:\Program Files (x86)\Microsoft Visual Studio 10.0\VC\bin\link.exe /ERRORREPORT:PROMPT /OUT:"C:\CPlusPlus\Try_Catch\Debug\Try_Catch.exe" /INCREMENTAL /NOLOGO kernel32.lib user32.lib gdi32.lib winspool.lib comdlg32.lib advapi32.lib shell32.lib ole32.lib oleaut32.lib uuid.lib odbc32.lib odbccp32.lib /MANIFEST /ManifestFile:"Debug\Try_Catch.exe.intermediate.manifest" /MANIFESTUAC:"level='asInvoker' uiAccess='false'" /DEBUG /PDB:"C:\CPlusPlus\Try_Catch\Debug\Try_Catch.pdb" /SUBSYSTEM:CONSOLE /TLBID:1 /DYNAMICBASE /NXCOMPAT /IMPLIB:"C:\CPlusPlus\Try_Catch\Debug\Try_Catch.lib" /MACHINE:X86 Debug\Try_Catch.exe.embed.manifest.res
         Debug\AssertAndExceptions.obj
         Debug\StdExceptionMain.obj
     1>StdExceptionMain.obj : error LNK2005: _main already defined in AssertAndExceptions.obj
     1>C:\CPlusPlus\Try_Catch\Debug\Try_Catch.exe : fatal error LNK1169: one or more multiply defined symbols found
     1>Done Building Project "C:\CPlusPlus\Try_Catch\Try_Catch\Try_Catch.vcxproj" (build target(s)) -- FAILED.

Build FAILED.

Time Elapsed 00:00:01.19
